<?xml version="1.0" encoding="UTF-8"?>
<!-- Generated by org.testng.reporters.JUnitReportReporter -->
<testsuite hostname="pavann" name="crm.BaseTest" tests="1" failures="0" timestamp="1 Oct 2014 07:22:05 GMT" time="0.006" errors="0">
  <testcase name="f" time="0.006" classname="crm.BaseTest"/>
</testsuite> <!-- crm.BaseTest -->
