<?xml version="1.0" encoding="UTF-8"?>
<!-- Generated by org.testng.reporters.JUnitReportReporter -->
<testsuite hostname="pavann" name="src.crm.Researcher" tests="6" failures="0" timestamp="26 Nov 2014 10:42:17 GMT" time="827.072" errors="0">
  <testcase name="d_LC_TS19_TC001_Searchleads" time="99.469" classname="src.crm.Researcher"/>
  <testcase name="e_LC_TS19_TC002_Searchleadpagenavigation" time="201.359" classname="src.crm.Researcher"/>
  <testcase name="c_LC_TS18_TC002_Leadsuploadvaliddata" time="364.616" classname="src.crm.Researcher"/>
  <testcase name="f_LC_TS_22_Changepassword" time="74.467" classname="src.crm.Researcher"/>
  <testcase name="a_LC_TS_17_Expandandcollapse" time="34.578" classname="src.crm.Researcher"/>
  <testcase name="b_LC_TS18_TC001_Uploadinvaliddata" time="52.583" classname="src.crm.Researcher"/>
</testsuite> <!-- src.crm.Researcher -->
