<?xml version="1.0" encoding="UTF-8"?>
<!-- Generated by org.testng.reporters.JUnitReportReporter -->
<testsuite hostname="pavann" name="src.crm.Login" tests="1" failures="0" timestamp="26 Nov 2014 10:42:17 GMT" time="71.420" errors="0">
  <testcase name="Login_CRM" time="71.420" classname="src.crm.Login"/>
</testsuite> <!-- src.crm.Login -->
