<?xml version="1.0" encoding="UTF-8"?>
<!-- Generated by org.testng.reporters.JUnitReportReporter -->
<testsuite hostname="pavann" name="crm.Admin" tests="1" failures="0" timestamp="1 Oct 2014 08:43:17 GMT" time="10.664" errors="0">
  <testcase name="f" time="10.664" classname="crm.Admin"/>
</testsuite> <!-- crm.Admin -->
