<?xml version="1.0" encoding="UTF-8"?>
<!-- Generated by org.testng.reporters.JUnitReportReporter -->
<testsuite hostname="tulasiramg" name="crm.AdminLogin" tests="1" failures="0" timestamp="4 Nov 2014 00:35:38 GMT" time="52.424" errors="0">
  <testcase name="g_updatingUser" time="52.424" classname="crm.AdminLogin"/>
</testsuite> <!-- crm.AdminLogin -->
