<?xml version="1.0" encoding="UTF-8"?>
<!-- Generated by org.testng.reporters.JUnitReportReporter -->
<testsuite hostname="Hardik-PC" name="crm.Login" tests="1" failures="0" timestamp="14 Oct 2014 06:40:45 GMT" time="64.573" errors="0">
  <testcase name="Login1" time="64.573" classname="crm.Login"/>
</testsuite> <!-- crm.Login -->
